<?xml version="1.0" encoding="UTF-8"?>
<coverage generated="1734603938203" clover="3.2.0">
  <project timestamp="1734603938204" name="All files">
    <metrics statements="46" coveredstatements="32" conditionals="9" coveredconditionals="6" methods="11" coveredmethods="9" elements="66" coveredelements="47" complexity="0" loc="46" ncloc="46" packages="1" files="2" classes="2"/>
    <file name="TweakedMap.ts" path="C:\Users\Dhodraj\Downloads\Package_Ideas\collectweak\src\TweakedMap.ts">
      <metrics statements="24" coveredstatements="20" conditionals="4" coveredconditionals="4" methods="4" coveredmethods="3"/>
      <line num="3" count="2" type="stmt"/>
      <line num="18" count="2" type="stmt"/>
      <line num="20" count="2" type="stmt"/>
      <line num="21" count="6" type="stmt"/>
      <line num="22" count="6" type="cond" truecount="1" falsecount="0"/>
      <line num="23" count="4" type="stmt"/>
      <line num="25" count="6" type="stmt"/>
      <line num="28" count="2" type="cond" truecount="1" falsecount="0"/>
      <line num="29" count="1" type="stmt"/>
      <line num="30" count="2" type="stmt"/>
      <line num="34" count="2" type="stmt"/>
      <line num="50" count="1" type="stmt"/>
      <line num="52" count="1" type="stmt"/>
      <line num="53" count="3" type="cond" truecount="1" falsecount="0"/>
      <line num="54" count="2" type="stmt"/>
      <line num="58" count="1" type="stmt"/>
      <line num="74" count="1" type="stmt"/>
      <line num="76" count="1" type="stmt"/>
      <line num="78" count="3" type="stmt"/>
      <line num="81" count="1" type="stmt"/>
      <line num="98" count="0" type="stmt"/>
      <line num="100" count="0" type="stmt"/>
      <line num="102" count="0" type="stmt"/>
      <line num="105" count="0" type="stmt"/>
    </file>
    <file name="TweakedSet.ts" path="C:\Users\Dhodraj\Downloads\Package_Ideas\collectweak\src\TweakedSet.ts">
      <metrics statements="22" coveredstatements="12" conditionals="5" coveredconditionals="2" methods="7" coveredmethods="6"/>
      <line num="2" count="1" type="stmt"/>
      <line num="4" count="1" type="stmt"/>
      <line num="16" count="0" type="stmt"/>
      <line num="18" count="0" type="stmt"/>
      <line num="19" count="0" type="stmt"/>
      <line num="20" count="0" type="cond" truecount="0" falsecount="1"/>
      <line num="21" count="0" type="stmt"/>
      <line num="23" count="0" type="stmt"/>
      <line num="26" count="0" type="cond" truecount="0" falsecount="1"/>
      <line num="27" count="0" type="stmt"/>
      <line num="28" count="0" type="stmt"/>
      <line num="32" count="0" type="stmt"/>
      <line num="46" count="1" type="stmt"/>
      <line num="60" count="4" type="stmt"/>
      <line num="74" count="4" type="stmt"/>
      <line num="87" count="1" type="stmt"/>
      <line num="88" count="1" type="stmt"/>
      <line num="90" count="1" type="stmt"/>
      <line num="91" count="4" type="cond" truecount="2" falsecount="0"/>
      <line num="92" count="2" type="stmt"/>
      <line num="94" count="2" type="stmt"/>
      <line num="98" count="1" type="stmt"/>
    </file>
  </project>
</coverage>
