{"C:\\Users\\Dhodraj\\Downloads\\Package_Ideas\\collectweak\\src\\TweakedMap.ts": {"path":"C:\\Users\\Dhodraj\\Downloads\\Package_Ideas\\collectweak\\src\\TweakedMap.ts","statementMap":{"0":{"start":{"line":18,"column":23},"end":{"line":18,"column":47}},"1":{"start":{"line":20,"column":8},"end":{"line":26,"column":9}},"2":{"start":{"line":21,"column":29},"end":{"line":21,"column":47}},"3":{"start":{"line":22,"column":12},"end":{"line":24,"column":13}},"4":{"start":{"line":23,"column":16},"end":{"line":23,"column":41}},"5":{"start":{"line":25,"column":12},"end":{"line":25,"column":46}},"6":{"start":{"line":28,"column":8},"end":{"line":32,"column":9}},"7":{"start":{"line":29,"column":12},"end":{"line":31,"column":13}},"8":{"start":{"line":30,"column":16},"end":{"line":30,"column":44}},"9":{"start":{"line":34,"column":8},"end":{"line":34,"column":22}},"10":{"start":{"line":50,"column":23},"end":{"line":50,"column":45}},"11":{"start":{"line":52,"column":8},"end":{"line":56,"column":9}},"12":{"start":{"line":53,"column":12},"end":{"line":55,"column":13}},"13":{"start":{"line":54,"column":16},"end":{"line":54,"column":39}},"14":{"start":{"line":58,"column":8},"end":{"line":58,"column":22}},"15":{"start":{"line":74,"column":23},"end":{"line":74,"column":45}},"16":{"start":{"line":76,"column":8},"end":{"line":79,"column":9}},"17":{"start":{"line":78,"column":12},"end":{"line":78,"column":53}},"18":{"start":{"line":81,"column":8},"end":{"line":81,"column":22}},"19":{"start":{"line":98,"column":21},"end":{"line":98,"column":33}},"20":{"start":{"line":100,"column":8},"end":{"line":103,"column":9}},"21":{"start":{"line":102,"column":12},"end":{"line":102,"column":49}},"22":{"start":{"line":105,"column":8},"end":{"line":105,"column":22}},"23":{"start":{"line":3,"column":0},"end":{"line":3,"column":13}}},"fnMap":{"0":{"name":"(anonymous_0)","decl":{"start":{"line":17,"column":4},"end":{"line":17,"column":11}},"loc":{"start":{"line":17,"column":73},"end":{"line":35,"column":5}}},"1":{"name":"(anonymous_1)","decl":{"start":{"line":49,"column":4},"end":{"line":49,"column":10}},"loc":{"start":{"line":49,"column":51},"end":{"line":59,"column":5}}},"2":{"name":"(anonymous_2)","decl":{"start":{"line":73,"column":4},"end":{"line":73,"column":13}},"loc":{"start":{"line":73,"column":53},"end":{"line":82,"column":5}}},"3":{"name":"(anonymous_3)","decl":{"start":{"line":97,"column":4},"end":{"line":97,"column":10}},"loc":{"start":{"line":97,"column":79},"end":{"line":106,"column":5}}}},"branchMap":{"0":{"loc":{"start":{"line":17,"column":45},"end":{"line":17,"column":73}},"type":"default-arg","locations":[{"start":{"line":17,"column":71},"end":{"line":17,"column":73}}]},"1":{"loc":{"start":{"line":22,"column":12},"end":{"line":24,"column":13}},"type":"if","locations":[{"start":{"line":22,"column":12},"end":{"line":24,"column":13}}]},"2":{"loc":{"start":{"line":28,"column":8},"end":{"line":32,"column":9}},"type":"if","locations":[{"start":{"line":28,"column":8},"end":{"line":32,"column":9}}]},"3":{"loc":{"start":{"line":53,"column":12},"end":{"line":55,"column":13}},"type":"if","locations":[{"start":{"line":53,"column":12},"end":{"line":55,"column":13}}]}},"s":{"0":2,"1":2,"2":6,"3":6,"4":4,"5":6,"6":2,"7":1,"8":2,"9":2,"10":1,"11":1,"12":3,"13":2,"14":1,"15":1,"16":1,"17":3,"18":1,"19":0,"20":0,"21":0,"22":0,"23":2},"f":{"0":2,"1":1,"2":1,"3":0},"b":{"0":[1],"1":[4],"2":[1],"3":[2]}}
,"C:\\Users\\Dhodraj\\Downloads\\Package_Ideas\\collectweak\\src\\TweakedSet.ts": {"path":"C:\\Users\\Dhodraj\\Downloads\\Package_Ideas\\collectweak\\src\\TweakedSet.ts","statementMap":{"0":{"start":{"line":2,"column":0},"end":{"line":2,"column":42}},"1":{"start":{"line":16,"column":19},"end":{"line":16,"column":43}},"2":{"start":{"line":18,"column":4},"end":{"line":24,"column":5}},"3":{"start":{"line":19,"column":23},"end":{"line":19,"column":41}},"4":{"start":{"line":20,"column":6},"end":{"line":22,"column":7}},"5":{"start":{"line":21,"column":8},"end":{"line":21,"column":33}},"6":{"start":{"line":23,"column":6},"end":{"line":23,"column":40}},"7":{"start":{"line":26,"column":4},"end":{"line":30,"column":5}},"8":{"start":{"line":27,"column":6},"end":{"line":29,"column":7}},"9":{"start":{"line":28,"column":8},"end":{"line":28,"column":36}},"10":{"start":{"line":32,"column":4},"end":{"line":32,"column":18}},"11":{"start":{"line":46,"column":4},"end":{"line":46,"column":50}},"12":{"start":{"line":60,"column":4},"end":{"line":60,"column":66}},"13":{"start":{"line":60,"column":51},"end":{"line":60,"column":63}},"14":{"start":{"line":74,"column":4},"end":{"line":74,"column":67}},"15":{"start":{"line":74,"column":51},"end":{"line":74,"column":64}},"16":{"start":{"line":87,"column":19},"end":{"line":87,"column":38}},"17":{"start":{"line":88,"column":18},"end":{"line":88,"column":37}},"18":{"start":{"line":90,"column":4},"end":{"line":96,"column":5}},"19":{"start":{"line":91,"column":6},"end":{"line":95,"column":7}},"20":{"start":{"line":92,"column":8},"end":{"line":92,"column":26}},"21":{"start":{"line":94,"column":8},"end":{"line":94,"column":25}},"22":{"start":{"line":98,"column":4},"end":{"line":98,"column":27}},"23":{"start":{"line":4,"column":0},"end":{"line":4,"column":13}}},"fnMap":{"0":{"name":"(anonymous_0)","decl":{"start":{"line":15,"column":2},"end":{"line":15,"column":9}},"loc":{"start":{"line":15,"column":71},"end":{"line":33,"column":3}}},"1":{"name":"(anonymous_1)","decl":{"start":{"line":45,"column":2},"end":{"line":45,"column":7}},"loc":{"start":{"line":45,"column":21},"end":{"line":47,"column":3}}},"2":{"name":"(anonymous_2)","decl":{"start":{"line":59,"column":2},"end":{"line":59,"column":14}},"loc":{"start":{"line":59,"column":28},"end":{"line":61,"column":3}}},"3":{"name":"(anonymous_3)","decl":{"start":{"line":60,"column":46},"end":{"line":60,"column":47}},"loc":{"start":{"line":60,"column":51},"end":{"line":60,"column":63}}},"4":{"name":"(anonymous_4)","decl":{"start":{"line":73,"column":2},"end":{"line":73,"column":12}},"loc":{"start":{"line":73,"column":26},"end":{"line":75,"column":3}}},"5":{"name":"(anonymous_5)","decl":{"start":{"line":74,"column":46},"end":{"line":74,"column":47}},"loc":{"start":{"line":74,"column":51},"end":{"line":74,"column":64}}},"6":{"name":"(anonymous_6)","decl":{"start":{"line":86,"column":2},"end":{"line":86,"column":11}},"loc":{"start":{"line":86,"column":35},"end":{"line":99,"column":3}}}},"branchMap":{"0":{"loc":{"start":{"line":15,"column":43},"end":{"line":15,"column":71}},"type":"default-arg","locations":[{"start":{"line":15,"column":69},"end":{"line":15,"column":71}}]},"1":{"loc":{"start":{"line":20,"column":6},"end":{"line":22,"column":7}},"type":"if","locations":[{"start":{"line":20,"column":6},"end":{"line":22,"column":7}}]},"2":{"loc":{"start":{"line":26,"column":4},"end":{"line":30,"column":5}},"type":"if","locations":[{"start":{"line":26,"column":4},"end":{"line":30,"column":5}}]},"3":{"loc":{"start":{"line":91,"column":6},"end":{"line":95,"column":7}},"type":"if","locations":[{"start":{"line":91,"column":6},"end":{"line":95,"column":7}},{"start":{"line":93,"column":13},"end":{"line":95,"column":7}}]}},"s":{"0":1,"1":0,"2":0,"3":0,"4":0,"5":0,"6":0,"7":0,"8":0,"9":0,"10":0,"11":1,"12":1,"13":4,"14":1,"15":4,"16":1,"17":1,"18":1,"19":4,"20":2,"21":2,"22":1,"23":1},"f":{"0":0,"1":1,"2":1,"3":4,"4":1,"5":4,"6":1},"b":{"0":[0],"1":[0],"2":[0],"3":[2,2]}}
}
