TN:
SF:src\TweakedMap.ts
FN:17,(anonymous_0)
FN:49,(anonymous_1)
FN:73,(anonymous_2)
FN:97,(anonymous_3)
FNF:4
FNH:3
FNDA:2,(anonymous_0)
FNDA:1,(anonymous_1)
FNDA:1,(anonymous_2)
FNDA:0,(anonymous_3)
DA:3,2
DA:18,2
DA:20,2
DA:21,6
DA:22,6
DA:23,4
DA:25,6
DA:28,2
DA:29,1
DA:30,2
DA:34,2
DA:50,1
DA:52,1
DA:53,3
DA:54,2
DA:58,1
DA:74,1
DA:76,1
DA:78,3
DA:81,1
DA:98,0
DA:100,0
DA:102,0
DA:105,0
LF:24
LH:20
BRDA:17,0,0,1
BRDA:22,1,0,4
BRDA:28,2,0,1
BRDA:53,3,0,2
BRF:4
BRH:4
end_of_record
TN:
SF:src\TweakedSet.ts
FN:15,(anonymous_0)
FN:45,(anonymous_1)
FN:59,(anonymous_2)
FN:60,(anonymous_3)
FN:73,(anonymous_4)
FN:74,(anonymous_5)
FN:86,(anonymous_6)
FNF:7
FNH:6
FNDA:0,(anonymous_0)
FNDA:1,(anonymous_1)
FNDA:1,(anonymous_2)
FNDA:4,(anonymous_3)
FNDA:1,(anonymous_4)
FNDA:4,(anonymous_5)
FNDA:1,(anonymous_6)
DA:2,1
DA:4,1
DA:16,0
DA:18,0
DA:19,0
DA:20,0
DA:21,0
DA:23,0
DA:26,0
DA:27,0
DA:28,0
DA:32,0
DA:46,1
DA:60,4
DA:74,4
DA:87,1
DA:88,1
DA:90,1
DA:91,4
DA:92,2
DA:94,2
DA:98,1
LF:22
LH:12
BRDA:15,0,0,0
BRDA:20,1,0,0
BRDA:26,2,0,0
BRDA:91,3,0,2
BRDA:91,3,1,2
BRF:5
BRH:2
end_of_record
